2021-07-06 18:38:12.083 - INFO - 27635 - azureml.train.automl._experiment_drivers.driver_utilities.modify_run_configuration:199 - Package azureml-train-automl missing from dependencies file.
2021-07-06 18:38:12.083 - INFO - 27635 - azureml.train.automl._experiment_drivers.driver_utilities.modify_run_configuration:205 - Using pinned version: azureml-train-automl==1.30.0.*
2021-07-06 18:38:12.083 - INFO - 27635 - azureml.train.automl._experiment_drivers.driver_utilities.modify_run_configuration:199 - Package pandas missing from dependencies file.
2021-07-06 18:38:12.084 - INFO - 27635 - azureml.train.automl._experiment_drivers.driver_utilities.modify_run_configuration:205 - Using pinned version: pandas==0.25.1
2021-07-06 18:38:12.084 - INFO - 27635 - azureml.train.automl._experiment_drivers.driver_utilities.modify_run_configuration:199 - Package psutil missing from dependencies file.
2021-07-06 18:38:12.084 - INFO - 27635 - azureml.train.automl._experiment_drivers.driver_utilities.modify_run_configuration:205 - Using pinned version: psutil>5.0.0,<6.0.0
2021-07-06 18:38:12.084 - INFO - 27635 - azureml.train.automl._experiment_drivers.driver_utilities.modify_run_configuration:199 - Package scikit-learn missing from dependencies file.
2021-07-06 18:38:12.085 - INFO - 27635 - azureml.train.automl._experiment_drivers.driver_utilities.modify_run_configuration:205 - Using pinned version: scikit-learn==0.22.1
2021-07-06 18:38:12.085 - INFO - 27635 - azureml.train.automl._experiment_drivers.driver_utilities.modify_run_configuration:199 - Package numpy missing from dependencies file.
2021-07-06 18:38:12.085 - INFO - 27635 - azureml.train.automl._experiment_drivers.driver_utilities.modify_run_configuration:205 - Using pinned version: numpy~=1.18.0
2021-07-06 18:38:12.085 - INFO - 27635 - azureml.train.automl._experiment_drivers.driver_utilities.modify_run_configuration:199 - Package py-xgboost missing from dependencies file.
2021-07-06 18:38:12.085 - INFO - 27635 - azureml.train.automl._experiment_drivers.driver_utilities.modify_run_configuration:205 - Using pinned version: py-xgboost<=0.90
2021-07-06 18:38:12.086 - INFO - 27635 - azureml.train.automl._experiment_drivers.driver_utilities.modify_run_configuration:199 - Package inference-schema missing from dependencies file.
2021-07-06 18:38:12.086 - INFO - 27635 - azureml.train.automl._experiment_drivers.driver_utilities.modify_run_configuration:199 - Package fbprophet missing from dependencies file.
2021-07-06 18:38:12.086 - INFO - 27635 - azureml.train.automl._experiment_drivers.driver_utilities.modify_run_configuration:205 - Using pinned version: fbprophet==0.5
2021-07-06 18:38:12.087 - INFO - 27635 - azureml.train.automl._experiment_drivers.driver_utilities.modify_run_configuration:199 - Package setuptools-git missing from dependencies file.
2021-07-06 18:38:12.087 - INFO - 27635 - azureml.train.automl._experiment_drivers.driver_utilities.modify_run_configuration:209 - Using installed version: setuptools-git==1.2
2021-07-06 18:38:12.105 - INFO - 27635 - azureml.automl.core.dataset_utilities._save_datasets_to_json:131 - JSON serialization of input of type <class 'NoneType'> is un-supported.
2021-07-06 18:38:12.106 - INFO - 27635 - azureml.train.automl._experiment_drivers.driver_utilities.validate_input:124 - Start data validation.
2021-07-06 18:38:16.061 - INFO - 27635 - azureml.train.automl._experiment_drivers.driver_utilities.validate_input:137 - Validation service found the data has no errors.
2021-07-06 18:38:16.063 - INFO - 27635 - azureml.train.automl._experiment_drivers.driver_utilities.create_remote_parent_run:381 - Start creating parent run.
2021-07-06 18:38:16.446 - INFO - 27635 - azureml.train.automl._experiment_drivers.driver_utilities.create_remote_parent_run:401 - [ParentRunID:AutoML_9d65d09e-1d7c-453e-8c92-f0bd8641d369] Remote run using input X and y.
2021-07-06 18:38:16.870 - INFO - 27635 - azureml.train.automl._experiment_drivers.driver_utilities.start_remote_run:336 - Starting a snapshot run (snapshot_id : None)
2021-07-07 03:22:27.309 - INFO - 10388 - azureml.train.automl._experiment_drivers.driver_utilities.modify_run_configuration:199 - Package azureml-train-automl missing from dependencies file.
2021-07-07 03:22:27.383 - INFO - 10388 - azureml.train.automl._experiment_drivers.driver_utilities.modify_run_configuration:205 - Using pinned version: azureml-train-automl==1.30.0.*
2021-07-07 03:22:27.383 - INFO - 10388 - azureml.train.automl._experiment_drivers.driver_utilities.modify_run_configuration:199 - Package pandas missing from dependencies file.
2021-07-07 03:22:27.383 - INFO - 10388 - azureml.train.automl._experiment_drivers.driver_utilities.modify_run_configuration:205 - Using pinned version: pandas==0.25.1
2021-07-07 03:22:27.384 - INFO - 10388 - azureml.train.automl._experiment_drivers.driver_utilities.modify_run_configuration:199 - Package psutil missing from dependencies file.
2021-07-07 03:22:27.384 - INFO - 10388 - azureml.train.automl._experiment_drivers.driver_utilities.modify_run_configuration:205 - Using pinned version: psutil>5.0.0,<6.0.0
2021-07-07 03:22:27.384 - INFO - 10388 - azureml.train.automl._experiment_drivers.driver_utilities.modify_run_configuration:199 - Package scikit-learn missing from dependencies file.
2021-07-07 03:22:27.384 - INFO - 10388 - azureml.train.automl._experiment_drivers.driver_utilities.modify_run_configuration:205 - Using pinned version: scikit-learn==0.22.1
2021-07-07 03:22:27.385 - INFO - 10388 - azureml.train.automl._experiment_drivers.driver_utilities.modify_run_configuration:199 - Package numpy missing from dependencies file.
2021-07-07 03:22:27.385 - INFO - 10388 - azureml.train.automl._experiment_drivers.driver_utilities.modify_run_configuration:205 - Using pinned version: numpy~=1.18.0
2021-07-07 03:22:27.385 - INFO - 10388 - azureml.train.automl._experiment_drivers.driver_utilities.modify_run_configuration:199 - Package py-xgboost missing from dependencies file.
2021-07-07 03:22:27.385 - INFO - 10388 - azureml.train.automl._experiment_drivers.driver_utilities.modify_run_configuration:205 - Using pinned version: py-xgboost<=0.90
2021-07-07 03:22:27.385 - INFO - 10388 - azureml.train.automl._experiment_drivers.driver_utilities.modify_run_configuration:199 - Package inference-schema missing from dependencies file.
2021-07-07 03:22:27.386 - INFO - 10388 - azureml.train.automl._experiment_drivers.driver_utilities.modify_run_configuration:199 - Package fbprophet missing from dependencies file.
2021-07-07 03:22:27.386 - INFO - 10388 - azureml.train.automl._experiment_drivers.driver_utilities.modify_run_configuration:205 - Using pinned version: fbprophet==0.5
2021-07-07 03:22:27.386 - INFO - 10388 - azureml.train.automl._experiment_drivers.driver_utilities.modify_run_configuration:199 - Package setuptools-git missing from dependencies file.
2021-07-07 03:22:27.386 - INFO - 10388 - azureml.train.automl._experiment_drivers.driver_utilities.modify_run_configuration:209 - Using installed version: setuptools-git==1.2
2021-07-07 03:22:27.387 - INFO - 10388 - azureml.automl.core.dataset_utilities._save_datasets_to_json:131 - JSON serialization of input of type <class 'NoneType'> is un-supported.
2021-07-07 03:22:27.388 - INFO - 10388 - azureml.train.automl._experiment_drivers.driver_utilities.validate_input:124 - Start data validation.
2021-07-07 03:22:31.944 - INFO - 10388 - azureml.train.automl._experiment_drivers.driver_utilities.validate_input:137 - Validation service found the data has no errors.
2021-07-07 03:22:31.945 - INFO - 10388 - azureml.train.automl._experiment_drivers.driver_utilities.create_remote_parent_run:381 - Start creating parent run.
2021-07-07 03:22:32.285 - INFO - 10388 - azureml.train.automl._experiment_drivers.driver_utilities.create_remote_parent_run:401 - [ParentRunID:AutoML_5c2dbeca-e63f-4cd4-9f6f-445e02c4d208] Remote run using input X and y.
2021-07-07 03:22:32.467 - INFO - 10388 - azureml.train.automl._experiment_drivers.driver_utilities.start_remote_run:336 - Starting a snapshot run (snapshot_id : None)
2021-07-07 03:33:24.075 - INFO - 10388 - azureml.train.automl._experiment_drivers.driver_utilities.modify_run_configuration:199 - Package azureml-train-automl missing from dependencies file.
2021-07-07 03:33:24.150 - INFO - 10388 - azureml.train.automl._experiment_drivers.driver_utilities.modify_run_configuration:205 - Using pinned version: azureml-train-automl==1.30.0.*
2021-07-07 03:33:24.150 - INFO - 10388 - azureml.train.automl._experiment_drivers.driver_utilities.modify_run_configuration:199 - Package pandas missing from dependencies file.
2021-07-07 03:33:24.151 - INFO - 10388 - azureml.train.automl._experiment_drivers.driver_utilities.modify_run_configuration:205 - Using pinned version: pandas==0.25.1
2021-07-07 03:33:24.151 - INFO - 10388 - azureml.train.automl._experiment_drivers.driver_utilities.modify_run_configuration:199 - Package psutil missing from dependencies file.
2021-07-07 03:33:24.151 - INFO - 10388 - azureml.train.automl._experiment_drivers.driver_utilities.modify_run_configuration:205 - Using pinned version: psutil>5.0.0,<6.0.0
2021-07-07 03:33:24.152 - INFO - 10388 - azureml.train.automl._experiment_drivers.driver_utilities.modify_run_configuration:199 - Package scikit-learn missing from dependencies file.
2021-07-07 03:33:24.152 - INFO - 10388 - azureml.train.automl._experiment_drivers.driver_utilities.modify_run_configuration:205 - Using pinned version: scikit-learn==0.22.1
2021-07-07 03:33:24.152 - INFO - 10388 - azureml.train.automl._experiment_drivers.driver_utilities.modify_run_configuration:199 - Package numpy missing from dependencies file.
2021-07-07 03:33:24.152 - INFO - 10388 - azureml.train.automl._experiment_drivers.driver_utilities.modify_run_configuration:205 - Using pinned version: numpy~=1.18.0
2021-07-07 03:33:24.153 - INFO - 10388 - azureml.train.automl._experiment_drivers.driver_utilities.modify_run_configuration:199 - Package py-xgboost missing from dependencies file.
2021-07-07 03:33:24.153 - INFO - 10388 - azureml.train.automl._experiment_drivers.driver_utilities.modify_run_configuration:205 - Using pinned version: py-xgboost<=0.90
2021-07-07 03:33:24.153 - INFO - 10388 - azureml.train.automl._experiment_drivers.driver_utilities.modify_run_configuration:199 - Package inference-schema missing from dependencies file.
2021-07-07 03:33:24.154 - INFO - 10388 - azureml.train.automl._experiment_drivers.driver_utilities.modify_run_configuration:199 - Package fbprophet missing from dependencies file.
2021-07-07 03:33:24.154 - INFO - 10388 - azureml.train.automl._experiment_drivers.driver_utilities.modify_run_configuration:205 - Using pinned version: fbprophet==0.5
2021-07-07 03:33:24.154 - INFO - 10388 - azureml.train.automl._experiment_drivers.driver_utilities.modify_run_configuration:199 - Package setuptools-git missing from dependencies file.
2021-07-07 03:33:24.155 - INFO - 10388 - azureml.train.automl._experiment_drivers.driver_utilities.modify_run_configuration:209 - Using installed version: setuptools-git==1.2
2021-07-07 03:33:24.156 - INFO - 10388 - azureml.automl.core.dataset_utilities._save_datasets_to_json:131 - JSON serialization of input of type <class 'NoneType'> is un-supported.
2021-07-07 03:33:24.157 - INFO - 10388 - azureml.train.automl._experiment_drivers.driver_utilities.validate_input:124 - Start data validation.
2021-07-07 03:33:29.246 - INFO - 10388 - azureml.train.automl._experiment_drivers.driver_utilities.validate_input:137 - Validation service found the data has no errors.
2021-07-07 03:33:29.247 - INFO - 10388 - azureml.train.automl._experiment_drivers.driver_utilities.create_remote_parent_run:381 - Start creating parent run.
2021-07-07 03:33:29.543 - INFO - 10388 - azureml.train.automl._experiment_drivers.driver_utilities.create_remote_parent_run:401 - [ParentRunID:AutoML_e97dec24-0845-43c2-a794-b9f3a4316c97] Remote run using input X and y.
2021-07-07 03:33:29.618 - INFO - 10388 - azureml.train.automl._experiment_drivers.driver_utilities.start_remote_run:336 - Starting a snapshot run (snapshot_id : None)
2021-07-07 04:16:03.560 - INFO - 11491 - azureml.train.automl._experiment_drivers.driver_utilities.modify_run_configuration:199 - Package azureml-train-automl missing from dependencies file.
2021-07-07 04:16:03.601 - INFO - 11491 - azureml.train.automl._experiment_drivers.driver_utilities.modify_run_configuration:205 - Using pinned version: azureml-train-automl==1.30.0.*
2021-07-07 04:16:03.601 - INFO - 11491 - azureml.train.automl._experiment_drivers.driver_utilities.modify_run_configuration:199 - Package pandas missing from dependencies file.
2021-07-07 04:16:03.601 - INFO - 11491 - azureml.train.automl._experiment_drivers.driver_utilities.modify_run_configuration:205 - Using pinned version: pandas==0.25.1
2021-07-07 04:16:03.602 - INFO - 11491 - azureml.train.automl._experiment_drivers.driver_utilities.modify_run_configuration:199 - Package psutil missing from dependencies file.
2021-07-07 04:16:03.602 - INFO - 11491 - azureml.train.automl._experiment_drivers.driver_utilities.modify_run_configuration:205 - Using pinned version: psutil>5.0.0,<6.0.0
2021-07-07 04:16:03.602 - INFO - 11491 - azureml.train.automl._experiment_drivers.driver_utilities.modify_run_configuration:199 - Package scikit-learn missing from dependencies file.
2021-07-07 04:16:03.603 - INFO - 11491 - azureml.train.automl._experiment_drivers.driver_utilities.modify_run_configuration:205 - Using pinned version: scikit-learn==0.22.1
2021-07-07 04:16:03.603 - INFO - 11491 - azureml.train.automl._experiment_drivers.driver_utilities.modify_run_configuration:199 - Package numpy missing from dependencies file.
2021-07-07 04:16:03.603 - INFO - 11491 - azureml.train.automl._experiment_drivers.driver_utilities.modify_run_configuration:205 - Using pinned version: numpy~=1.18.0
2021-07-07 04:16:03.604 - INFO - 11491 - azureml.train.automl._experiment_drivers.driver_utilities.modify_run_configuration:199 - Package py-xgboost missing from dependencies file.
2021-07-07 04:16:03.604 - INFO - 11491 - azureml.train.automl._experiment_drivers.driver_utilities.modify_run_configuration:205 - Using pinned version: py-xgboost<=0.90
2021-07-07 04:16:03.604 - INFO - 11491 - azureml.train.automl._experiment_drivers.driver_utilities.modify_run_configuration:199 - Package inference-schema missing from dependencies file.
2021-07-07 04:16:03.605 - INFO - 11491 - azureml.train.automl._experiment_drivers.driver_utilities.modify_run_configuration:199 - Package fbprophet missing from dependencies file.
2021-07-07 04:16:03.605 - INFO - 11491 - azureml.train.automl._experiment_drivers.driver_utilities.modify_run_configuration:205 - Using pinned version: fbprophet==0.5
2021-07-07 04:16:03.605 - INFO - 11491 - azureml.train.automl._experiment_drivers.driver_utilities.modify_run_configuration:199 - Package setuptools-git missing from dependencies file.
2021-07-07 04:16:03.605 - INFO - 11491 - azureml.train.automl._experiment_drivers.driver_utilities.modify_run_configuration:209 - Using installed version: setuptools-git==1.2
2021-07-07 04:16:03.606 - INFO - 11491 - azureml.automl.core.dataset_utilities._save_datasets_to_json:131 - JSON serialization of input of type <class 'NoneType'> is un-supported.
2021-07-07 04:16:03.607 - INFO - 11491 - azureml.train.automl._experiment_drivers.driver_utilities.validate_input:124 - Start data validation.
2021-07-07 04:16:08.110 - INFO - 11491 - azureml.train.automl._experiment_drivers.driver_utilities.validate_input:137 - Validation service found the data has no errors.
2021-07-07 04:16:08.111 - INFO - 11491 - azureml.train.automl._experiment_drivers.driver_utilities.create_remote_parent_run:381 - Start creating parent run.
2021-07-07 04:16:08.510 - INFO - 11491 - azureml.train.automl._experiment_drivers.driver_utilities.create_remote_parent_run:401 - [ParentRunID:AutoML_929a79e2-031a-4f39-93e0-2bd14384ba50] Remote run using input X and y.
2021-07-07 04:16:08.720 - INFO - 11491 - azureml.train.automl._experiment_drivers.driver_utilities.start_remote_run:336 - Starting a snapshot run (snapshot_id : None)
